  pre.cpp
f:\opencv.exe\opencv\build\include\opencv2\core\mat.hpp(2585): warning C4819: 该文件包含不能在当前代码页(936)中表示的字符。请将该文件保存为 Unicode 格式以防止数据丢失
f:\opencv.exe\opencv\build\include\opencv2\core\persistence.hpp : warning C4819: 该文件包含不能在当前代码页(936)中表示的字符。请将该文件保存为 Unicode 格式以防止数据丢失
f:\opencv.exe\opencv\build\include\opencv2\core\utility.hpp : warning C4819: 该文件包含不能在当前代码页(936)中表示的字符。请将该文件保存为 Unicode 格式以防止数据丢失
f:\opencv.exe\opencv\build\include\opencv2\core\utility.hpp : warning C4819: 该文件包含不能在当前代码页(936)中表示的字符。请将该文件保存为 Unicode 格式以防止数据丢失
f:\opencv.exe\opencv\build\include\opencv2\imgproc.hpp(591): warning C4819: 该文件包含不能在当前代码页(936)中表示的字符。请将该文件保存为 Unicode 格式以防止数据丢失
c:\users\28030\source\repos\sift_04\sift_04\pre.cpp(27): warning C4244: “参数”: 从“float”转换到“int”，可能丢失数据
c:\users\28030\source\repos\sift_04\sift_04\pre.cpp(31): warning C4244: “参数”: 从“float”转换到“int”，可能丢失数据
c:\users\28030\source\repos\sift_04\sift_04\pre.cpp(37): warning C4244: “参数”: 从“float”转换到“int”，可能丢失数据
c:\users\28030\source\repos\sift_04\sift_04\pre.cpp(68): warning C4244: “=”: 从“int”转换到“float”，可能丢失数据
c:\users\28030\source\repos\sift_04\sift_04\pre.cpp(70): warning C4244: “=”: 从“int”转换到“float”，可能丢失数据
c:\users\28030\source\repos\sift_04\sift_04\pre.cpp(97): warning C4018: “<”: 有符号/无符号不匹配
c:\users\28030\source\repos\sift_04\sift_04\pre.cpp(98): warning C4018: “<”: 有符号/无符号不匹配
c:\users\28030\source\repos\sift_04\sift_04\pre.cpp(100): warning C4018: “<”: 有符号/无符号不匹配
c:\users\28030\source\repos\sift_04\sift_04\pre.cpp(101): warning C4018: “<”: 有符号/无符号不匹配
c:\users\28030\source\repos\sift_04\sift_04\pre.cpp(109): warning C4018: “<”: 有符号/无符号不匹配
c:\users\28030\source\repos\sift_04\sift_04\pre.cpp(111): warning C4018: “<”: 有符号/无符号不匹配
c:\users\28030\source\repos\sift_04\sift_04\pre.cpp(119): warning C4018: “<”: 有符号/无符号不匹配
c:\users\28030\source\repos\sift_04\sift_04\pre.cpp(129): warning C4244: “初始化”: 从“double”转换到“float”，可能丢失数据
c:\users\28030\source\repos\sift_04\sift_04\pre.cpp(134): warning C4244: “=”: 从“double”转换到“float”，可能丢失数据
c:\users\28030\source\repos\sift_04\sift_04\pre.cpp(135): warning C4244: “=”: 从“double”转换到“float”，可能丢失数据
c:\users\28030\source\repos\sift_04\sift_04\pre.cpp(149): warning C4244: “初始化”: 从“double”转换到“float”，可能丢失数据
c:\users\28030\source\repos\sift_04\sift_04\pre.cpp(154): warning C4244: “初始化”: 从“double”转换到“float”，可能丢失数据
c:\users\28030\source\repos\sift_04\sift_04\pre.cpp(171): warning C4018: “<”: 有符号/无符号不匹配
c:\users\28030\source\repos\sift_04\sift_04\pre.cpp(194): warning C4018: “<”: 有符号/无符号不匹配
c:\users\28030\source\repos\sift_04\sift_04\pre.cpp(196): warning C4018: “<”: 有符号/无符号不匹配
c:\users\28030\source\repos\sift_04\sift_04\pre.cpp(208): warning C4018: “<”: 有符号/无符号不匹配
c:\users\28030\source\repos\sift_04\sift_04\pre.cpp(225): warning C4018: “<”: 有符号/无符号不匹配
c:\users\28030\source\repos\sift_04\sift_04\pre.cpp(227): warning C4018: “<”: 有符号/无符号不匹配
  step.cpp
f:\opencv.exe\opencv\build\include\opencv2\core\mat.hpp(2585): warning C4819: 该文件包含不能在当前代码页(936)中表示的字符。请将该文件保存为 Unicode 格式以防止数据丢失
f:\opencv.exe\opencv\build\include\opencv2\core\persistence.hpp : warning C4819: 该文件包含不能在当前代码页(936)中表示的字符。请将该文件保存为 Unicode 格式以防止数据丢失
f:\opencv.exe\opencv\build\include\opencv2\core\utility.hpp : warning C4819: 该文件包含不能在当前代码页(936)中表示的字符。请将该文件保存为 Unicode 格式以防止数据丢失
f:\opencv.exe\opencv\build\include\opencv2\core\utility.hpp : warning C4819: 该文件包含不能在当前代码页(936)中表示的字符。请将该文件保存为 Unicode 格式以防止数据丢失
f:\opencv.exe\opencv\build\include\opencv2\imgproc.hpp(591): warning C4819: 该文件包含不能在当前代码页(936)中表示的字符。请将该文件保存为 Unicode 格式以防止数据丢失
c:\users\28030\source\repos\sift_04\sift_04\ach.h(47): warning C4244: “参数”: 从“double”转换到“float”，可能丢失数据
c:\users\28030\source\repos\sift_04\sift_04\ach.h(62): warning C4244: “初始化”: 从“double”转换到“float”，可能丢失数据
c:\users\28030\source\repos\sift_04\sift_04\ach.h(78): warning C4244: “=”: 从“double”转换到“float”，可能丢失数据
c:\users\28030\source\repos\sift_04\sift_04\ach.h(80): warning C4244: “=”: 从“double”转换到“float”，可能丢失数据
c:\users\28030\source\repos\sift_04\sift_04\ach.h(101): warning C4244: “=”: 从“double”转换到“float”，可能丢失数据
c:\users\28030\source\repos\sift_04\sift_04\ach.h(102): warning C4244: “=”: 从“double”转换到“float”，可能丢失数据
c:\users\28030\source\repos\sift_04\sift_04\ach.h(95): warning C4101: “absolute_sigma”: 未引用的局部变量
c:\users\28030\source\repos\sift_04\sift_04\ach.h(201): warning C4244: “=”: 从“double”转换到“float”，可能丢失数据
c:\users\28030\source\repos\sift_04\sift_04\ach.h(202): warning C4244: “=”: 从“double”转换到“float”，可能丢失数据
c:\users\28030\source\repos\sift_04\sift_04\ach.h(207): warning C4244: “=”: 从“double”转换到“float”，可能丢失数据
c:\users\28030\source\repos\sift_04\sift_04\ach.h(217): warning C4244: “=”: 从“int”转换到“float”，可能丢失数据
c:\users\28030\source\repos\sift_04\sift_04\ach.h(218): warning C4244: “=”: 从“int”转换到“float”，可能丢失数据
c:\users\28030\source\repos\sift_04\sift_04\ach.h(265): warning C4244: “=”: 从“double”转换到“float”，可能丢失数据
c:\users\28030\source\repos\sift_04\sift_04\ach.h(266): warning C4244: “=”: 从“double”转换到“float”，可能丢失数据
c:\users\28030\source\repos\sift_04\sift_04\ach.h(272): warning C4244: “=”: 从“double”转换到“float”，可能丢失数据
c:\users\28030\source\repos\sift_04\sift_04\ach.h(275): warning C4244: “=”: 从“double”转换到“float”，可能丢失数据
c:\users\28030\source\repos\sift_04\sift_04\ach.h(284): warning C4305: “+=”: 从“double”到“float”截断
c:\users\28030\source\repos\sift_04\sift_04\ach.h(285): warning C4305: “/=”: 从“double”到“float”截断
c:\users\28030\source\repos\sift_04\sift_04\ach.h(323): warning C4244: “初始化”: 从“double”转换到“float”，可能丢失数据
c:\users\28030\source\repos\sift_04\sift_04\ach.h(326): warning C4244: “=”: 从“double”转换到“float”，可能丢失数据
c:\users\28030\source\repos\sift_04\sift_04\ach.h(340): warning C4244: “初始化”: 从“float”转换到“int”，可能丢失数据
c:\users\28030\source\repos\sift_04\sift_04\ach.h(341): warning C4244: “初始化”: 从“float”转换到“int”，可能丢失数据
c:\users\28030\source\repos\sift_04\sift_04\ach.h(362): warning C4244: “参数”: 从“double”转换到“float”，可能丢失数据
c:\users\28030\source\repos\sift_04\sift_04\ach.h(442): warning C4244: “=”: 从“double”转换到“float”，可能丢失数据
c:\users\28030\source\repos\sift_04\sift_04\ach.h(443): warning C4244: “=”: 从“double”转换到“float”，可能丢失数据
c:\users\28030\source\repos\sift_04\sift_04\ach.h(466): warning C4305: “初始化”: 从“double”到“float”截断
c:\users\28030\source\repos\sift_04\sift_04\ach.h(467): warning C4305: “初始化”: 从“double”到“float”截断
c:\users\28030\source\repos\sift_04\sift_04\ach.h(488): warning C4305: “初始化”: 从“double”到“float”截断
c:\users\28030\source\repos\sift_04\sift_04\ach.h(490): warning C4838: 从“double”转换到“float”需要收缩转换
c:\users\28030\source\repos\sift_04\sift_04\ach.h(490): warning C4305: “初始化”: 从“double”到“float”截断
c:\users\28030\source\repos\sift_04\sift_04\ach.h(489): warning C4244: “初始化”: 从“double”转换到“float”，可能丢失数据
c:\users\28030\source\repos\sift_04\sift_04\ach.h(490): warning C4244: “初始化”: 从“double”转换到“float”，可能丢失数据
c:\users\28030\source\repos\sift_04\sift_04\ach.h(497): warning C4244: “=”: 从“double”转换到“float”，可能丢失数据
c:\users\28030\source\repos\sift_04\sift_04\ach.h(498): warning C4244: “=”: 从“double”转换到“float”，可能丢失数据
c:\users\28030\source\repos\sift_04\sift_04\ach.h(507): warning C4244: “=”: 从“double”转换到“float”，可能丢失数据
c:\users\28030\source\repos\sift_04\sift_04\ach.h(508): warning C4244: “=”: 从“double”转换到“float”，可能丢失数据
c:\users\28030\source\repos\sift_04\sift_04\ach.h(557): warning C4305: “+=”: 从“double”到“float”截断
c:\users\28030\source\repos\sift_04\sift_04\ach.h(558): warning C4305: “-=”: 从“double”到“float”截断
c:\users\28030\source\repos\sift_04\sift_04\ach.h(569): warning C4244: “=”: 从“const double”转换到“float”，可能丢失数据
c:\users\28030\source\repos\sift_04\sift_04\ach.h(570): warning C4244: “=”: 从“const double”转换到“float”，可能丢失数据
c:\users\28030\source\repos\sift_04\sift_04\ach.h(581): warning C4244: “初始化”: 从“double”转换到“float”，可能丢失数据
c:\users\28030\source\repos\sift_04\sift_04\ach.h(582): warning C4244: “初始化”: 从“double”转换到“float”，可能丢失数据
c:\users\28030\source\repos\sift_04\sift_04\ach.h(583): warning C4244: “-=”: 从“double”转换到“float”，可能丢失数据
c:\users\28030\source\repos\sift_04\sift_04\ach.h(584): warning C4244: “=”: 从“double”转换到“float”，可能丢失数据
c:\users\28030\source\repos\sift_04\sift_04\ach.h(587): warning C4244: “初始化”: 从“double”转换到“float”，可能丢失数据
c:\users\28030\source\repos\sift_04\sift_04\ach.h(593): warning C4244: “=”: 从“const double”转换到“float”，可能丢失数据
c:\users\28030\source\repos\sift_04\sift_04\ach.h(605): warning C4305: “=”: 从“double”到“float”截断
c:\users\28030\source\repos\sift_04\sift_04\step.cpp(7): warning C4101: “rows”: 未引用的局部变量
c:\users\28030\source\repos\sift_04\sift_04\step.cpp(7): warning C4101: “cols”: 未引用的局部变量
  temp.cpp
f:\opencv.exe\opencv\build\include\opencv2\core\mat.hpp(2585): warning C4819: 该文件包含不能在当前代码页(936)中表示的字符。请将该文件保存为 Unicode 格式以防止数据丢失
f:\opencv.exe\opencv\build\include\opencv2\core\persistence.hpp : warning C4819: 该文件包含不能在当前代码页(936)中表示的字符。请将该文件保存为 Unicode 格式以防止数据丢失
f:\opencv.exe\opencv\build\include\opencv2\core\utility.hpp : warning C4819: 该文件包含不能在当前代码页(936)中表示的字符。请将该文件保存为 Unicode 格式以防止数据丢失
f:\opencv.exe\opencv\build\include\opencv2\core\utility.hpp : warning C4819: 该文件包含不能在当前代码页(936)中表示的字符。请将该文件保存为 Unicode 格式以防止数据丢失
f:\opencv.exe\opencv\build\include\opencv2\imgproc.hpp(591): warning C4819: 该文件包含不能在当前代码页(936)中表示的字符。请将该文件保存为 Unicode 格式以防止数据丢失
c:\users\28030\source\repos\sift_04\sift_04\ach.h(47): warning C4244: “参数”: 从“double”转换到“float”，可能丢失数据
c:\users\28030\source\repos\sift_04\sift_04\ach.h(62): warning C4244: “初始化”: 从“double”转换到“float”，可能丢失数据
c:\users\28030\source\repos\sift_04\sift_04\ach.h(78): warning C4244: “=”: 从“double”转换到“float”，可能丢失数据
c:\users\28030\source\repos\sift_04\sift_04\ach.h(80): warning C4244: “=”: 从“double”转换到“float”，可能丢失数据
c:\users\28030\source\repos\sift_04\sift_04\ach.h(101): warning C4244: “=”: 从“double”转换到“float”，可能丢失数据
c:\users\28030\source\repos\sift_04\sift_04\ach.h(102): warning C4244: “=”: 从“double”转换到“float”，可能丢失数据
c:\users\28030\source\repos\sift_04\sift_04\ach.h(95): warning C4101: “absolute_sigma”: 未引用的局部变量
c:\users\28030\source\repos\sift_04\sift_04\ach.h(201): warning C4244: “=”: 从“double”转换到“float”，可能丢失数据
c:\users\28030\source\repos\sift_04\sift_04\ach.h(202): warning C4244: “=”: 从“double”转换到“float”，可能丢失数据
c:\users\28030\source\repos\sift_04\sift_04\ach.h(207): warning C4244: “=”: 从“double”转换到“float”，可能丢失数据
c:\users\28030\source\repos\sift_04\sift_04\ach.h(217): warning C4244: “=”: 从“int”转换到“float”，可能丢失数据
c:\users\28030\source\repos\sift_04\sift_04\ach.h(218): warning C4244: “=”: 从“int”转换到“float”，可能丢失数据
c:\users\28030\source\repos\sift_04\sift_04\ach.h(265): warning C4244: “=”: 从“double”转换到“float”，可能丢失数据
c:\users\28030\source\repos\sift_04\sift_04\ach.h(266): warning C4244: “=”: 从“double”转换到“float”，可能丢失数据
c:\users\28030\source\repos\sift_04\sift_04\ach.h(272): warning C4244: “=”: 从“double”转换到“float”，可能丢失数据
c:\users\28030\source\repos\sift_04\sift_04\ach.h(275): warning C4244: “=”: 从“double”转换到“float”，可能丢失数据
c:\users\28030\source\repos\sift_04\sift_04\ach.h(284): warning C4305: “+=”: 从“double”到“float”截断
c:\users\28030\source\repos\sift_04\sift_04\ach.h(285): warning C4305: “/=”: 从“double”到“float”截断
c:\users\28030\source\repos\sift_04\sift_04\ach.h(323): warning C4244: “初始化”: 从“double”转换到“float”，可能丢失数据
c:\users\28030\source\repos\sift_04\sift_04\ach.h(326): warning C4244: “=”: 从“double”转换到“float”，可能丢失数据
c:\users\28030\source\repos\sift_04\sift_04\ach.h(340): warning C4244: “初始化”: 从“float”转换到“int”，可能丢失数据
c:\users\28030\source\repos\sift_04\sift_04\ach.h(341): warning C4244: “初始化”: 从“float”转换到“int”，可能丢失数据
c:\users\28030\source\repos\sift_04\sift_04\ach.h(362): warning C4244: “参数”: 从“double”转换到“float”，可能丢失数据
c:\users\28030\source\repos\sift_04\sift_04\ach.h(442): warning C4244: “=”: 从“double”转换到“float”，可能丢失数据
c:\users\28030\source\repos\sift_04\sift_04\ach.h(443): warning C4244: “=”: 从“double”转换到“float”，可能丢失数据
c:\users\28030\source\repos\sift_04\sift_04\ach.h(466): warning C4305: “初始化”: 从“double”到“float”截断
c:\users\28030\source\repos\sift_04\sift_04\ach.h(467): warning C4305: “初始化”: 从“double”到“float”截断
c:\users\28030\source\repos\sift_04\sift_04\ach.h(488): warning C4305: “初始化”: 从“double”到“float”截断
c:\users\28030\source\repos\sift_04\sift_04\ach.h(490): warning C4838: 从“double”转换到“float”需要收缩转换
c:\users\28030\source\repos\sift_04\sift_04\ach.h(490): warning C4305: “初始化”: 从“double”到“float”截断
c:\users\28030\source\repos\sift_04\sift_04\ach.h(489): warning C4244: “初始化”: 从“double”转换到“float”，可能丢失数据
c:\users\28030\source\repos\sift_04\sift_04\ach.h(490): warning C4244: “初始化”: 从“double”转换到“float”，可能丢失数据
c:\users\28030\source\repos\sift_04\sift_04\ach.h(497): warning C4244: “=”: 从“double”转换到“float”，可能丢失数据
c:\users\28030\source\repos\sift_04\sift_04\ach.h(498): warning C4244: “=”: 从“double”转换到“float”，可能丢失数据
c:\users\28030\source\repos\sift_04\sift_04\ach.h(507): warning C4244: “=”: 从“double”转换到“float”，可能丢失数据
c:\users\28030\source\repos\sift_04\sift_04\ach.h(508): warning C4244: “=”: 从“double”转换到“float”，可能丢失数据
c:\users\28030\source\repos\sift_04\sift_04\ach.h(557): warning C4305: “+=”: 从“double”到“float”截断
c:\users\28030\source\repos\sift_04\sift_04\ach.h(558): warning C4305: “-=”: 从“double”到“float”截断
c:\users\28030\source\repos\sift_04\sift_04\ach.h(569): warning C4244: “=”: 从“const double”转换到“float”，可能丢失数据
c:\users\28030\source\repos\sift_04\sift_04\ach.h(570): warning C4244: “=”: 从“const double”转换到“float”，可能丢失数据
c:\users\28030\source\repos\sift_04\sift_04\ach.h(581): warning C4244: “初始化”: 从“double”转换到“float”，可能丢失数据
c:\users\28030\source\repos\sift_04\sift_04\ach.h(582): warning C4244: “初始化”: 从“double”转换到“float”，可能丢失数据
c:\users\28030\source\repos\sift_04\sift_04\ach.h(583): warning C4244: “-=”: 从“double”转换到“float”，可能丢失数据
c:\users\28030\source\repos\sift_04\sift_04\ach.h(584): warning C4244: “=”: 从“double”转换到“float”，可能丢失数据
c:\users\28030\source\repos\sift_04\sift_04\ach.h(587): warning C4244: “初始化”: 从“double”转换到“float”，可能丢失数据
c:\users\28030\source\repos\sift_04\sift_04\ach.h(593): warning C4244: “=”: 从“const double”转换到“float”，可能丢失数据
c:\users\28030\source\repos\sift_04\sift_04\ach.h(605): warning C4305: “=”: 从“double”到“float”截断
  正在生成代码...
  sift_04.vcxproj -> C:\Users\28030\source\repos\sift_04\x64\Debug\sift_04.exe
